
Showing logs for build [32mpns-si5-al-creditrama-d-1920-cr-k7gpm-10[0m stage [32mfrom-build-pack[0m and container [32mstep-credential-initializer-6vsv2[0m
{"level":"warn","ts":1579099116.70019,"logger":"fallback-logger","caller":"logging/config.go:69","msg":"Fetch GitHub commit ID from kodata failed: \"ref: refs/heads/0.8.0-**-support-backwards-incompats\" is not a valid GitHub commit ID"}
{"level":"info","ts":1579099116.7009637,"logger":"fallback-logger","caller":"creds-init/main.go:40","msg":"Credentials initialized."}

Showing logs for build [32mpns-si5-al-creditrama-d-1920-cr-k7gpm-10[0m stage [32mfrom-build-pack[0m and container [32mstep-working-dir-initializer-9s277[0m
{"level":"warn","ts":1579099120.1982539,"logger":"fallback-logger","caller":"logging/config.go:69","msg":"Fetch GitHub commit ID from kodata failed: open /var/run/ko/HEAD: no such file or directory"}
{"level":"info","ts":1579099120.19981,"logger":"fallback-logger","caller":"bash/main.go:64","msg":"Successfully executed command \"sh -c mkdir -p /workspace/source\"; output "}

Showing logs for build [32mpns-si5-al-creditrama-d-1920-cr-k7gpm-10[0m stage [32mfrom-build-pack[0m and container [32mstep-place-tools[0m

Showing logs for build [32mpns-si5-al-creditrama-d-1920-cr-k7gpm-10[0m stage [32mfrom-build-pack[0m and container [32mstep-git-source-pns-si5-al-creditrama-d-1920-cr-gjf2s[0m
{"level":"warn","ts":1579099154.1654541,"logger":"fallback-logger","caller":"logging/config.go:69","msg":"Fetch GitHub commit ID from kodata failed: \"ref: refs/heads/0.8.0-**-support-backwards-incompats\" is not a valid GitHub commit ID"}
{"level":"info","ts":1579099155.4041636,"logger":"fallback-logger","caller":"git/git.go:103","msg":"Successfully cloned https://github.com/pns-si5-al-creditrama-d-1920/creditrama-team-d-transaction-service.git @ v0.0.6 in path /workspace/source"}

Showing logs for build [32mpns-si5-al-creditrama-d-1920-cr-k7gpm-10[0m stage [32mfrom-build-pack[0m and container [32mstep-git-merge[0m
Using SHAs from PULL_REFS=master:79cc17ce47c7ce2da9d5255ce31e964b93965396
WARNING: no SHAs to merge, falling back to initial cloned commit

Showing logs for build [32mpns-si5-al-creditrama-d-1920-cr-k7gpm-10[0m stage [32mfrom-build-pack[0m and container [32mstep-setup-jx-git-credentials[0m
Generated Git credentials file /workspace/xdg_config/git/credentials

Showing logs for build [32mpns-si5-al-creditrama-d-1920-cr-k7gpm-10[0m stage [32mfrom-build-pack[0m and container [32mstep-build-mvn-deploy[0m
Picked up _JAVA_OPTIONS: -XX:+UnlockExperimentalVMOptions -XX:+UseCGroupMemoryLimitForHeap -Dsun.zip.disableMemoryMapping=true -XX:+UseParallelGC -XX:MinHeapFreeRatio=5 -XX:MaxHeapFreeRatio=10 -XX:GCTimeRatio=4 -XX:AdaptiveSizePolicyWeight=90 -Xms10m -Xmx192m
OpenJDK 64-Bit Server VM warning: If the number of processors is expected to increase from one, then you should configure the number of parallel GC threads appropriately using -XX:ParallelGCThreads=N
[INFO] Scanning for projects...
[INFO] 
[INFO] ----< fr.unice.polytech.si5.al.creditrama.teamd:transactionservice >----
[INFO] Building bankAccount-service 0.0.6
[INFO] --------------------------------[ jar ]---------------------------------
[INFO] 
[INFO] --- maven-clean-plugin:3.1.0:clean (default-clean) @ transactionservice ---
[INFO] 
[INFO] --- maven-resources-plugin:3.1.0:resources (default-resources) @ transactionservice ---
[INFO] Using 'UTF-8' encoding to copy filtered resources.
[INFO] Copying 1 resource
[INFO] 
[INFO] --- maven-compiler-plugin:3.8.1:compile (default-compile) @ transactionservice ---
[INFO] Changes detected - recompiling the module!
[INFO] Compiling 14 source files to /workspace/source/target/classes
[INFO] 
[INFO] --- maven-resources-plugin:3.1.0:testResources (default-testResources) @ transactionservice ---
[INFO] Using 'UTF-8' encoding to copy filtered resources.
[INFO] Copying 1 resource
[INFO] 
[INFO] --- maven-compiler-plugin:3.8.1:testCompile (default-testCompile) @ transactionservice ---
[INFO] Changes detected - recompiling the module!
[INFO] Compiling 1 source file to /workspace/source/target/test-classes
[INFO] 
[INFO] --- maven-surefire-plugin:2.22.2:test (default-test) @ transactionservice ---
[INFO] 
[INFO] --- maven-jar-plugin:3.1.2:jar (default-jar) @ transactionservice ---
[INFO] Building jar: /workspace/source/target/transactionservice-0.0.6.jar
[INFO] 
[INFO] --- spring-boot-maven-plugin:2.1.9.RELEASE:repackage (repackage) @ transactionservice ---
[INFO] Replacing main artifact with repackaged archive
[INFO] 
[INFO] --- maven-dependency-plugin:3.1.1:unpack (unpack) @ transactionservice ---
[INFO] Configured Artifact: fr.unice.polytech.si5.al.creditrama.teamd:transactionservice:0.0.6:jar
[INFO] Unpacking /workspace/source/target/transactionservice-0.0.6.jar to /workspace/source/target/dependency with includes "" and excludes ""
[INFO] 
[INFO] --- maven-install-plugin:2.5.2:install (default-install) @ transactionservice ---
[INFO] Installing /workspace/source/target/transactionservice-0.0.6.jar to /root/.mvnrepository/fr/unice/polytech/si5/al/creditrama/teamd/transactionservice/0.0.6/transactionservice-0.0.6.jar
[INFO] Installing /workspace/source/pom.xml to /root/.mvnrepository/fr/unice/polytech/si5/al/creditrama/teamd/transactionservice/0.0.6/transactionservice-0.0.6.pom
[INFO] 
[INFO] --- maven-deploy-plugin:2.8.2:deploy (default-deploy) @ transactionservice ---
[INFO] Using alternate deployment repository nexus::default::http://nexus/repository/maven-releases/
[INFO] ------------------------------------------------------------------------
[INFO] BUILD SUCCESS
[INFO] ------------------------------------------------------------------------
[INFO] Total time:  31.880 s
[INFO] Finished at: 2020-01-15T14:39:52Z
[INFO] ------------------------------------------------------------------------

Showing logs for build [32mpns-si5-al-creditrama-d-1920-cr-k7gpm-10[0m stage [32mfrom-build-pack[0m and container [32mstep-build-skaffold-version[0m
v1.0.1

Showing logs for build [32mpns-si5-al-creditrama-d-1920-cr-k7gpm-10[0m stage [32mfrom-build-pack[0m and container [32mstep-build-container-build[0m
[36mINFO[0m[0000] Downloading base image openjdk:8-jdk-slim    
2020/01/15 14:39:55 No matching credentials were found, falling back on anonymous
[36mINFO[0m[0001] Error while retrieving image from cache: getting file info: stat /workspace/sha256:1ca54f9636c527ec05550bf9bdcbc10a86ab6c28381db73ac3411466055dd300: no such file or directory 
[36mINFO[0m[0001] Downloading base image openjdk:8-jdk-slim    
2020/01/15 14:39:56 No matching credentials were found, falling back on anonymous
[36mINFO[0m[0002] cmd: EXPOSE                                  
[36mINFO[0m[0002] Adding exposed port: 8080/tcp                
[36mINFO[0m[0002] Using files from context: [/workspace/source/pom.xml] 
[36mINFO[0m[0002] Using files from context: [/workspace/source/target/transactionservice-0.0.6.jar] 
[36mINFO[0m[0002] Skipping unpacking as no commands require it. 
[36mINFO[0m[0002] Taking snapshot of full filesystem...        
[36mINFO[0m[0035] ENV PORT 8080                                
[36mINFO[0m[0035] No files changed in this command, skipping snapshotting. 
[36mINFO[0m[0035] ENV CLASSPATH /opt/lib                       
[36mINFO[0m[0035] No files changed in this command, skipping snapshotting. 
[36mINFO[0m[0035] EXPOSE 8080                                  
[36mINFO[0m[0035] cmd: EXPOSE                                  
[36mINFO[0m[0035] Adding exposed port: 8080/tcp                
[36mINFO[0m[0035] No files changed in this command, skipping snapshotting. 
[36mINFO[0m[0035] Using files from context: [/workspace/source/pom.xml] 
[36mINFO[0m[0035] COPY pom.xml target/lib* /opt/lib/           
[36mINFO[0m[0035] Taking snapshot of files...                  
[36mINFO[0m[0035] Using files from context: [/workspace/source/target/transactionservice-0.0.6.jar] 
[36mINFO[0m[0035] COPY target/*.jar /opt/app.jar               
[36mINFO[0m[0035] Taking snapshot of files...                  
[36mINFO[0m[0036] WORKDIR /opt                                 
[36mINFO[0m[0036] cmd: workdir                                 
[36mINFO[0m[0036] Changed working directory to /opt            
[36mINFO[0m[0036] No files changed in this command, skipping snapshotting. 
[36mINFO[0m[0036] CMD ["java", "-XX:+UnlockExperimentalVMOptions", "-XX:+UseCGroupMemoryLimitForHeap", "-jar", "app.jar"] 
[36mINFO[0m[0036] No files changed in this command, skipping snapshotting. 
2020/01/15 14:40:31 existing blob: sha256:2af781a14d60d4ac7ef41ca3bed9787d5bc332e74f0b64183528b9ae196b6aa4
2020/01/15 14:40:31 existing blob: sha256:8ec398bc03560e0fa56440e96da307cdf0b1ad153f459b52bca53ae7ddb8236d
2020/01/15 14:40:31 existing blob: sha256:8e866b0959566a21a8fa7eb2f7f12da0d12aa3498d6c31bb25a6ede1fa632ac2
2020/01/15 14:40:31 existing blob: sha256:e18af1784b1ff42bce5eb771c6fb00c06471e462db471e4821b42a75f99d1bee
2020/01/15 14:40:33 pushed blob: sha256:192aa1a64bf083676a71e653e5f923af95622edb78e09c63ac3daba3fa40f23a
2020/01/15 14:40:33 pushed blob: sha256:ade4d3582ae9d475b9b3a3eccf7f40fecff1c36f05686544996dc43bc8810219
2020/01/15 14:40:34 pushed blob: sha256:b972cc1aa3ed50ca26e8c0afea06e293877999e3d293af37e77f6d2511abe14f
2020/01/15 14:40:34 docker-registry.default.svc:5000/pns-si5-al-creditrama-d-1920/creditrama-team-d-transaction-service:0.0.6: digest: sha256:15659797bb19b6c0954ff077b383b72d98e8de1a0173561058c4dcbde068ccb6 size: 1245

Showing logs for build [32mpns-si5-al-creditrama-d-1920-cr-k7gpm-10[0m stage [32mfrom-build-pack[0m and container [32mstep-build-post-build[0m
no CVE provider running in the current ** namespace so skip adding image to be analysed

Showing logs for build [32mpns-si5-al-creditrama-d-1920-cr-k7gpm-10[0m stage [32mfrom-build-pack[0m and container [32mstep-promote-changelog[0m
Converted /workspace/source/charts/creditrama-team-d-transaction-service to an unshallow repository
Generating change log from git ref 4471385c983de8843419617d5a152a7da6d078df => 79e05a96e3a7ca574145a5d15ed056269cf5370c
WARNING: No release found for pns-si5-al-creditrama-d-1920/creditrama-team-d-transaction-service and tag v0.0.6 so creating a new release
Updated the release information at https://github.com/pns-si5-al-creditrama-d-1920/creditrama-team-d-transaction-service/releases/tag/v0.0.6
generated: /workspace/source/charts/creditrama-team-d-transaction-service/templates/release.yaml
Created Release creditrama-team-d-transaction-service-0-0-6 resource in namespace **
Updating PipelineActivity pns-si5-al-creditrama-d-1920-creditrama-team-d-transaction-service-master-10 with version 0.0.6
Updated PipelineActivities pns-si5-al-creditrama-d-1920-creditrama-team-d-transaction-service-master-10 with release notes URL: https://github.com/pns-si5-al-creditrama-d-1920/creditrama-team-d-transaction-service/releases/tag/v0.0.6

Showing logs for build [32mpns-si5-al-creditrama-d-1920-cr-k7gpm-10[0m stage [32mfrom-build-pack[0m and container [32mstep-promote-helm-release[0m
WARNING: No $CHART_REPOSITORY defined so using the default value of: http://jenkins-x-chartmuseum:8080
Adding missing Helm repo: storage.googleapis.com https://storage.googleapis.com/chartmuseum.jenkins-x.io
Successfully added Helm repository storage.googleapis.com.
Adding missing Helm repo: jenkins-x-chartmuseum http://jenkins-x-chartmuseum:8080
Successfully added Helm repository jenkins-x-chartmuseum.
WARNING: No $CHART_REPOSITORY defined so using the default value of: http://jenkins-x-chartmuseum:8080
Uploading chart file creditrama-team-d-transaction-service-0.0.6.tgz to http://jenkins-x-chartmuseum:8080/api/charts
Received 201 response: {"saved":true}

Showing logs for build [32mpns-si5-al-creditrama-d-1920-cr-k7gpm-10[0m stage [32mfrom-build-pack[0m and container [32mstep-promote-jx-promote[0m
WARNING: prow based install so skip waiting for the merge of Pull Requests to go green as currently there is an issue with gettingstatuses from the PR, see https://github.com/jenkins-x/**/issues/2410
WARNING: No $CHART_REPOSITORY defined so using the default value of: http://jenkins-x-chartmuseum:8080
Promoting app creditrama-team-d-transaction-service version 0.0.6 to namespace **-github-alexis
error: pulling environment repo https://github.com/alexisgardin/environment-**-github-alexis.git into /builder/home/.**/environments: getting repository alexisgardin/environment-**-github-alexis: failed to get repository alexisgardin/environment-**-github-alexis due to: GET https://api.github.com/repos/alexisgardin/environment-**-github-alexis: 404 Not Found []
[31m
Pipeline failed on stage 'from-build-pack' : container 'step-promote-jx-promote'. The execution of the pipeline has stopped.[0m
